[debug] [2020-09-01T06:53:07.941Z] ----------------------------------------------------------------------
[debug] [2020-09-01T06:53:07.943Z] Command:       /Users/atharvashukla/.nvm/versions/node/v14.8.0/bin/node /Users/atharvashukla/.nvm/versions/node/v14.8.0/bin/firebase deploy
[debug] [2020-09-01T06:53:07.943Z] CLI Version:   8.7.0
[debug] [2020-09-01T06:53:07.943Z] Platform:      darwin
[debug] [2020-09-01T06:53:07.943Z] Node Version:  v14.8.0
[debug] [2020-09-01T06:53:07.952Z] Time:          Tue Sep 01 2020 12:23:07 GMT+0530 (India Standard Time)
[debug] [2020-09-01T06:53:07.952Z] ----------------------------------------------------------------------
[debug] [2020-09-01T06:53:07.952Z] 
[debug] [2020-09-01T06:53:07.969Z] > command requires scopes: ["email","openid","https://www.googleapis.com/auth/cloudplatformprojects.readonly","https://www.googleapis.com/auth/firebase","https://www.googleapis.com/auth/cloud-platform"]
[debug] [2020-09-01T06:53:07.970Z] > authorizing via signed-in user
[debug] [2020-09-01T06:53:07.970Z] [iam] checking project atharva-shukla for permissions ["firebase.projects.get","firebasehosting.sites.update"]
[debug] [2020-09-01T06:53:07.972Z] > refreshing access token with scopes: ["email","https://www.googleapis.com/auth/cloud-platform","https://www.googleapis.com/auth/cloudplatformprojects.readonly","https://www.googleapis.com/auth/firebase","openid"]
[debug] [2020-09-01T06:53:07.972Z] >>> HTTP REQUEST POST https://www.googleapis.com/oauth2/v3/token  
 <request body omitted>
[debug] [2020-09-01T06:53:08.308Z] <<< HTTP RESPONSE 200 {"content-type":"application/json; charset=utf-8","vary":"X-Origin, Referer, Origin,Accept-Encoding","date":"Tue, 01 Sep 2020 06:53:08 GMT","server":"scaffolding on HTTPServer2","cache-control":"private","x-xss-protection":"0","x-frame-options":"SAMEORIGIN","x-content-type-options":"nosniff","alt-svc":"h3-29=\":443\"; ma=2592000,h3-27=\":443\"; ma=2592000,h3-T051=\":443\"; ma=2592000,h3-T050=\":443\"; ma=2592000,h3-Q050=\":443\"; ma=2592000,h3-Q046=\":443\"; ma=2592000,h3-Q043=\":443\"; ma=2592000,quic=\":443\"; ma=2592000; v=\"46,43\"","accept-ranges":"none","transfer-encoding":"chunked"}
[debug] [2020-09-01T06:53:08.347Z] >>> HTTP REQUEST POST https://cloudresourcemanager.googleapis.com/v1/projects/atharva-shukla:testIamPermissions  
 {"permissions":["firebase.projects.get","firebasehosting.sites.update"]}
[debug] [2020-09-01T06:53:10.313Z] <<< HTTP RESPONSE 200 {"content-type":"application/json; charset=UTF-8","vary":"X-Origin, Referer, Origin,Accept-Encoding","date":"Tue, 01 Sep 2020 06:53:10 GMT","server":"ESF","cache-control":"private","x-xss-protection":"0","x-frame-options":"SAMEORIGIN","x-content-type-options":"nosniff","server-timing":"gfet4t7; dur=1431","alt-svc":"h3-29=\":443\"; ma=2592000,h3-27=\":443\"; ma=2592000,h3-T051=\":443\"; ma=2592000,h3-T050=\":443\"; ma=2592000,h3-Q050=\":443\"; ma=2592000,h3-Q046=\":443\"; ma=2592000,h3-Q043=\":443\"; ma=2592000,quic=\":443\"; ma=2592000; v=\"46,43\"","accept-ranges":"none","transfer-encoding":"chunked"}
[debug] [2020-09-01T06:53:10.314Z] [iam] error while checking permissions, command may fail: FirebaseError: Authorization failed. This account is missing the following required permissions on project atharva-shukla:

  firebase.projects.get
  firebasehosting.sites.update
[debug] [2020-09-01T06:53:10.315Z] >>> HTTP REQUEST GET https://firebase.googleapis.com/v1beta1/projects/atharva-shukla  
 
[debug] [2020-09-01T06:53:11.118Z] <<< HTTP RESPONSE 403 {"vary":"X-Origin, Referer, Origin,Accept-Encoding","content-type":"application/json; charset=UTF-8","date":"Tue, 01 Sep 2020 06:53:11 GMT","server":"ESF","cache-control":"private","x-xss-protection":"0","x-frame-options":"SAMEORIGIN","x-content-type-options":"nosniff","alt-svc":"h3-29=\":443\"; ma=2592000,h3-27=\":443\"; ma=2592000,h3-T051=\":443\"; ma=2592000,h3-T050=\":443\"; ma=2592000,h3-Q050=\":443\"; ma=2592000,h3-Q046=\":443\"; ma=2592000,h3-Q043=\":443\"; ma=2592000,quic=\":443\"; ma=2592000; v=\"46,43\"","accept-ranges":"none","transfer-encoding":"chunked"}
[debug] [2020-09-01T06:53:11.118Z] <<< HTTP RESPONSE BODY {"error":{"code":403,"message":"The caller does not have permission","status":"PERMISSION_DENIED"}}
[debug] [2020-09-01T06:53:11.120Z] HTTP Error: 403, The caller does not have permission
[debug] [2020-09-01T06:53:11.377Z] FirebaseError: HTTP Error: 403, The caller does not have permission
    at module.exports (/Users/atharvashukla/.nvm/versions/node/v14.8.0/lib/node_modules/firebase-tools/lib/responseToError.js:38:12)
    at Request._callback (/Users/atharvashukla/.nvm/versions/node/v14.8.0/lib/node_modules/firebase-tools/lib/api.js:41:35)
    at Request.self.callback (/Users/atharvashukla/.nvm/versions/node/v14.8.0/lib/node_modules/firebase-tools/node_modules/request/request.js:185:22)
    at Request.emit (events.js:314:20)
    at Request.EventEmitter.emit (domain.js:486:12)
    at Request.<anonymous> (/Users/atharvashukla/.nvm/versions/node/v14.8.0/lib/node_modules/firebase-tools/node_modules/request/request.js:1154:10)
    at Request.emit (events.js:314:20)
    at Request.EventEmitter.emit (domain.js:486:12)
    at IncomingMessage.<anonymous> (/Users/atharvashukla/.nvm/versions/node/v14.8.0/lib/node_modules/firebase-tools/node_modules/request/request.js:1076:12)
    at Object.onceWrapper (events.js:420:28)
    at IncomingMessage.emit (events.js:326:22)
    at IncomingMessage.EventEmitter.emit (domain.js:486:12)
    at endReadableNT (_stream_readable.js:1244:12)
    at processTicksAndRejections (internal/process/task_queues.js:80:21)
[error] 
[error] Error: Failed to get Firebase project atharva-shukla. Please make sure the project exists and your account has permission to access it.
